<?xml version="1.0" encoding="UTF-8"?>
<!-- Generated by org.testng.reporters.JUnitReportReporter -->
<testsuite hostname="QT-INBG-LT0478" failures="0" tests="1" name="MobileApp.Home_page" time="5.746" errors="0" timestamp="2022-06-15T15:13:21 IST" skipped="0">
  <testcase classname="MobileApp.Home_page" name="Home" time="5.746"/>
  <system-out/>
</testsuite> <!-- MobileApp.Home_page -->
