<?xml version="1.0" encoding="UTF-8"?>
<!-- Generated by org.testng.reporters.JUnitReportReporter -->
<testsuite hostname="QT-INBG-LT0478" failures="0" tests="5" name="MobileApp.Sigup_page" time="31.310" errors="0" timestamp="2022-06-16T19:45:35 IST" skipped="0">
  <testcase classname="MobileApp.Sigup_page" name="Home" time="10.959"/>
  <system-out/>
  <testcase classname="MobileApp.Sigup_page" name="Search" time="2.653"/>
  <system-out/>
  <testcase classname="MobileApp.Sigup_page" name="Order" time="5.401"/>
  <system-out/>
  <testcase classname="MobileApp.Sigup_page" name="contactUs" time="4.002"/>
  <system-out/>
  <testcase classname="MobileApp.Sigup_page" name="Sigup" time="8.295"/>
  <system-out/>
</testsuite> <!-- MobileApp.Sigup_page -->
