<?xml version="1.0" encoding="UTF-8"?>
<!-- Generated by org.testng.reporters.JUnitReportReporter -->
<testsuite hostname="QT-INBG-LT0478" failures="0" tests="2" name="MobileApp.Allmobile_page" time="8.770" errors="0" timestamp="2022-06-15T16:08:56 IST" skipped="0">
  <testcase classname="MobileApp.Allmobile_page" name="Search" time="3.379"/>
  <system-out/>
  <testcase classname="MobileApp.Allmobile_page" name="Order" time="5.391"/>
  <system-out/>
</testsuite> <!-- MobileApp.Allmobile_page -->
